  playerbase.cpp
  コードを生成中...
  コンパイル中...
  player_Sword.cpp
  player_Ken.cpp
  player_Kangaroo.cpp
  maker.cpp
  gauge.cpp
  Texture.cpp
  SelectIcon.cpp
  Game.cpp
  コードを生成中...
  スキップ中... (関連する変更は検出されませんでした)
  ui.cpp
  selectionscreen.cpp
  polygonbase.cpp
  manager.cpp
  billboard.cpp
  Scene3D.cpp
  Scene2D.cpp
  HitModel.cpp
  Team_Master.vcxproj -> C:\Users\木村洸太\Documents\Visual Studio 2015\Projects\C++\C++Windows\Team_Master\Debug\Team_Master.exe
  Team_Master.vcxproj -> C:\Users\木村洸太\Documents\Visual Studio 2015\Projects\C++\C++Windows\Team_Master\Debug\Team_Master.pdb (Full PDB)
