c:\users\s-jobi18-051\documents\github\team\team_prototype\debug\vc140.pdb
c:\users\s-jobi18-051\documents\github\team\team_prototype\debug\vc140.idb
c:\users\s-jobi18-051\documents\github\team\team_prototype\debug\fade.obj
c:\users\s-jobi18-051\documents\github\team\team_prototype\debug\game.obj
c:\users\s-jobi18-051\documents\github\team\team_prototype\debug\gameover.obj
c:\users\s-jobi18-051\documents\github\team\team_prototype\debug\gauge.obj
c:\users\s-jobi18-051\documents\github\team\team_prototype\debug\input.obj
c:\users\s-jobi18-051\documents\github\team\team_prototype\debug\keybord.obj
c:\users\s-jobi18-051\documents\github\team\team_prototype\debug\light.obj
c:\users\s-jobi18-051\documents\github\team\team_prototype\debug\main.obj
c:\users\s-jobi18-051\documents\github\team\team_prototype\debug\manager.obj
c:\users\s-jobi18-051\documents\github\team\team_prototype\debug\model.obj
c:\users\s-jobi18-051\documents\github\team\team_prototype\debug\pad.obj
c:\users\s-jobi18-051\documents\github\team\team_prototype\debug\player.obj
c:\users\s-jobi18-051\documents\github\team\team_prototype\debug\polygon.obj
c:\users\s-jobi18-051\documents\github\team\team_prototype\debug\renderer.obj
c:\users\s-jobi18-051\documents\github\team\team_prototype\debug\result.obj
c:\users\s-jobi18-051\documents\github\team\team_prototype\debug\scene.obj
c:\users\s-jobi18-051\documents\github\team\team_prototype\debug\scene2d.obj
c:\users\s-jobi18-051\documents\github\team\team_prototype\debug\scene3d.obj
c:\users\s-jobi18-051\documents\github\team\team_prototype\debug\title.obj
c:\users\s-jobi18-051\documents\github\team\team_prototype\debug\tutorial.obj
c:\users\s-jobi18-051\documents\github\team\team_prototype\debug\camera.obj
c:\users\s-jobi18-051\documents\github\team\team_prototype\debug\team_prototype.ilk
c:\users\s-jobi18-051\documents\github\team\team_prototype\debug\team_prototype.exe
c:\users\s-jobi18-051\documents\github\team\team_prototype\debug\team_prototype.pdb
c:\users\s-jobi18-051\documents\github\team\team_prototype\debug\team_prototype.tlog\cl.command.1.tlog
c:\users\s-jobi18-051\documents\github\team\team_prototype\debug\team_prototype.tlog\cl.read.1.tlog
c:\users\s-jobi18-051\documents\github\team\team_prototype\debug\team_prototype.tlog\cl.write.1.tlog
c:\users\s-jobi18-051\documents\github\team\team_prototype\debug\team_prototype.tlog\link.command.1.tlog
c:\users\s-jobi18-051\documents\github\team\team_prototype\debug\team_prototype.tlog\link.read.1.tlog
c:\users\s-jobi18-051\documents\github\team\team_prototype\debug\team_prototype.tlog\link.write.1.tlog
