  camera.cpp
  fade.cpp
  Game.cpp
  Gameover.cpp
  gauge.cpp
  input.cpp
  keybord.cpp
  light.cpp
  main.cpp
  manager.cpp
  model.cpp
  pad.cpp
  player.cpp
  playerbase.cpp
  polygon.cpp
  renderer.cpp
  Result.cpp
  Scene.cpp
  Scene2D.cpp
  Scene3D.cpp
  コンパイル中...
  Title.cpp
  tutorial.cpp
  コード生成しています。
  All 442 functions were compiled because no usable IPDB/IOBJ from previous compilation was found.
  コード生成が終了しました。
  Team_a.vcxproj -> C:\Users\木村洸太\Documents\Visual Studio 2015\Projects\C++\C++Windows\Team_a\Release\Team_a.exe
  Team_a.vcxproj -> C:\Users\木村洸太\Documents\Visual Studio 2015\Projects\C++\C++Windows\Team_a\Release\Team_a.pdb (Full PDB)
