  ui.cpp
  tutorial.cpp
  Title.cpp
  time.cpp
  Texture.cpp
  sound.cpp
  selectionscreen.cpp
  SelectIcon.cpp
  Scene3D.cpp
  Scene2D.cpp
  Scene.cpp
  Result.cpp
  renderer.cpp
  polygonbase.cpp
  polygon.cpp
  player_Sword.cpp
  player_Ken.cpp
  player_Kangaroo.cpp
  playerbase.cpp
  pad.cpp
  コードを生成中...
  コンパイル中...
  Number.cpp
  model.cpp
  manager.cpp
  maker.cpp
  main.cpp
  light.cpp
  keybord.cpp
  input.cpp
  HitModelBase.cpp
  HitModel.cpp
  guard.cpp
  gauge.cpp
  Gameover.cpp
  Game.cpp
  fade.cpp
  effect.cpp
  camera.cpp
  bullet.cpp
  billboard.cpp
  コードを生成中...
  Team_Master.vcxproj -> C:\Users\S-Jobi18-051\Desktop\マスター\Debug\Team_Master.exe
  Team_Master.vcxproj -> C:\Users\S-Jobi18-051\Desktop\マスター\Debug\Team_Master.pdb (Full PDB)
