  billboard.cpp
  bullet.cpp
  camera.cpp
  effect.cpp
  fade.cpp
  Game.cpp
  Gameover.cpp
  gauge.cpp
  guard.cpp
  HitModel.cpp
  HitModelBase.cpp
  input.cpp
  keybord.cpp
  light.cpp
  main.cpp
  maker.cpp
  manager.cpp
  model.cpp
  Number.cpp
  pad.cpp
  コンパイル中...
  playerbase.cpp
  player_Kangaroo.cpp
  player_Ken.cpp
  player_Sword.cpp
  polygon.cpp
  polygonbase.cpp
  renderer.cpp
  Result.cpp
  Scene.cpp
  Scene2D.cpp
  Scene3D.cpp
  SelectIcon.cpp
  selectionscreen.cpp
  sound.cpp
  Texture.cpp
  time.cpp
  Title.cpp
  tutorial.cpp
  ui.cpp
  コード生成しています。
  661 of 664 functions (99.5%) were compiled, the rest were copied from previous compilation.
    6 functions were new in current compilation
    0 functions had inline decision re-evaluated but remain unchanged
  コード生成が終了しました。
  Team_Master.vcxproj -> C:\Users\S-Jobi18-051\Desktop\マスターまぢか\Release\Team_Master.exe
  Team_Master.vcxproj -> C:\Users\S-Jobi18-051\Desktop\マスターまぢか\Release\Team_Master.pdb (Full PDB)
